\BOOKMARK [0][-]{msudissertation@tableofcontents.0}{Table of Contents}{}% 1
\BOOKMARK [0][-]{section*.3}{List of Tables}{}% 2
\BOOKMARK [0][-]{section*.5}{List of Figures}{}% 3
\BOOKMARK [0][-]{section*.7}{Key to Symbols and Abbreviations}{}% 4
\BOOKMARK [0][-]{chapter.1}{Introduction}{}% 5
\BOOKMARK [1][-]{section.1.1}{A Brief History of Nuclear Structure Theory}{chapter.1}% 6
\BOOKMARK [1][-]{section.1.2}{Electroweak Theory and Nuclear Structure}{chapter.1}% 7
\BOOKMARK [1][-]{section.1.3}{Ab-Initio Descriptions of Beta Decay}{chapter.1}% 8
\BOOKMARK [1][-]{section.1.4}{Thesis Structure}{chapter.1}% 9
\BOOKMARK [0][-]{chapter.2}{Many-Body Quantum Mechanics}{}% 10
\BOOKMARK [1][-]{section.2.1}{Independent-Particle Model}{chapter.2}% 11
\BOOKMARK [1][-]{section.2.2}{Second Quantization}{chapter.2}% 12
\BOOKMARK [1][-]{section.2.3}{Normal Ordering}{chapter.2}% 13
\BOOKMARK [1][-]{section.2.4}{Wick's Theorem}{chapter.2}% 14
\BOOKMARK [1][-]{section.2.5}{Hartree\205Fock Method}{chapter.2}% 15
\BOOKMARK [1][-]{section.2.6}{Configuration-Interaction}{chapter.2}% 16
\BOOKMARK [1][-]{section.2.7}{Many-Body Perturbation Theory}{chapter.2}% 17
\BOOKMARK [2][-]{subsection.2.7.1}{Factorization Theorem}{section.2.7}% 18
\BOOKMARK [0][-]{chapter.3}{Coupled-Cluster Theory}{}% 19
\BOOKMARK [1][-]{section.3.1}{Exponential Ansatz}{chapter.3}% 20
\BOOKMARK [2][-]{subsection.3.1.1}{The Coupled Cluster Equations}{section.3.1}% 21
\BOOKMARK [1][-]{section.3.2}{Linked-Cluster Theorem and MBPT}{chapter.3}% 22
\BOOKMARK [1][-]{section.3.3}{Example: Pairing Model}{chapter.3}% 23
\BOOKMARK [1][-]{section.3.4}{Solving the Coupled Cluster Equations}{chapter.3}% 24
\BOOKMARK [2][-]{subsection.3.4.1}{Symmetry Channels}{section.3.4}% 25
\BOOKMARK [2][-]{subsection.3.4.2}{Matrix Structures and Intermediates}{section.3.4}% 26
\BOOKMARK [1][-]{section.3.5}{Example: Homogeneous Electron Gas}{chapter.3}% 27
\BOOKMARK [1][-]{section.3.6}{Coupled Cluster for Finite Nuclei}{chapter.3}% 28
\BOOKMARK [2][-]{subsection.3.6.1}{Harmonic Oscillator Basis}{section.3.6}% 29
\BOOKMARK [2][-]{subsection.3.6.2}{The Nuclear Interaction}{section.3.6}% 30
\BOOKMARK [2][-]{subsection.3.6.3}{Ground-State Results for Nuclei}{section.3.6}% 31
\BOOKMARK [1][-]{section.3.7}{Ground-State Center-of-Mass Factorization}{chapter.3}% 32
\BOOKMARK [0][-]{section*.24}{References}{}% 33
