\BOOKMARK [0][-]{msudissertation@preface.0}{Preface}{}% 1
\BOOKMARK [0][-]{msudissertation@tableofcontents.0}{Table of Contents}{}% 2
\BOOKMARK [0][-]{section*.9}{List of Tables}{}% 3
\BOOKMARK [0][-]{section*.11}{List of Figures}{}% 4
\BOOKMARK [0][-]{section*.13}{Key to Symbols and Abbreviations}{}% 5
\BOOKMARK [0][-]{chapter.1}{Introduction}{}% 6
\BOOKMARK [1][-]{section.1.1}{A Brief History of Nuclear Structure Theory}{chapter.1}% 7
\BOOKMARK [1][-]{section.1.2}{Electroweak Theory and Nuclear Structure}{chapter.1}% 8
\BOOKMARK [1][-]{section.1.3}{Ab-Initio Descriptions of Beta Decay}{chapter.1}% 9
\BOOKMARK [1][-]{section.1.4}{Thesis Structure}{chapter.1}% 10
\BOOKMARK [0][-]{chapter.2}{Many-Body Quantum Mechanics}{}% 11
\BOOKMARK [1][-]{section.2.1}{Independent-Particle Model}{chapter.2}% 12
\BOOKMARK [1][-]{section.2.2}{Second Quantization}{chapter.2}% 13
\BOOKMARK [1][-]{section.2.3}{Normal Ordering}{chapter.2}% 14
\BOOKMARK [1][-]{section.2.4}{Wick's Theorem}{chapter.2}% 15
\BOOKMARK [1][-]{section.2.5}{Hartree\205Fock Method}{chapter.2}% 16
\BOOKMARK [1][-]{section.2.6}{Configuration-Interaction}{chapter.2}% 17
\BOOKMARK [1][-]{section.2.7}{Many-Body Perturbation Theory}{chapter.2}% 18
\BOOKMARK [2][-]{subsection.2.7.1}{Factorization Theorem}{section.2.7}% 19
\BOOKMARK [0][-]{chapter.3}{Coupled-Cluster Theory}{}% 20
\BOOKMARK [1][-]{section.3.1}{Exponential Ansatz}{chapter.3}% 21
\BOOKMARK [2][-]{subsection.3.1.1}{The Coupled Cluster Equations}{section.3.1}% 22
\BOOKMARK [1][-]{section.3.2}{Linked-Cluster Theorem and MBPT}{chapter.3}% 23
\BOOKMARK [1][-]{section.3.3}{Example: Pairing Model}{chapter.3}% 24
\BOOKMARK [1][-]{section.3.4}{Solving the Coupled Cluster Equations}{chapter.3}% 25
\BOOKMARK [2][-]{subsection.3.4.1}{Symmetry Channels}{section.3.4}% 26
\BOOKMARK [2][-]{subsection.3.4.2}{Matrix Structures and Intermediates}{section.3.4}% 27
\BOOKMARK [1][-]{section.3.5}{Example: Homogeneous Electron Gas}{chapter.3}% 28
\BOOKMARK [1][-]{section.3.6}{Coupled Cluster for Finite Nuclei}{chapter.3}% 29
\BOOKMARK [2][-]{subsection.3.6.1}{Harmonic Oscillator Basis}{section.3.6}% 30
\BOOKMARK [2][-]{subsection.3.6.2}{The Nuclear Interaction}{section.3.6}% 31
\BOOKMARK [2][-]{subsection.3.6.3}{Ground-State Results for Nuclei}{section.3.6}% 32
\BOOKMARK [1][-]{section.3.7}{Ground-State Center-of-Mass Factorization}{chapter.3}% 33
\BOOKMARK [0][-]{chapter.4}{Equation-of-Motion Method}{}% 34
\BOOKMARK [1][-]{section.4.1}{Equations-of-Motion States}{chapter.4}% 35
\BOOKMARK [1][-]{section.4.2}{EOM Results for 2D Quantum Dots}{chapter.4}% 36
\BOOKMARK [0][-]{chapter.5}{Effective Operators}{}% 37
\BOOKMARK [1][-]{section.5.1}{Beta Decay}{chapter.5}% 38
\BOOKMARK [1][-]{section.5.2}{Sum Rules}{chapter.5}% 39
\BOOKMARK [1][-]{section.5.3}{Calculating Beta-Decay Matrix Elements}{chapter.5}% 40
\BOOKMARK [0][-]{chapter.6}{Conclusions and Perspectives}{}% 41
\BOOKMARK [0][-]{chapter.7}{Instructions}{}% 42
\BOOKMARK [1][-]{section.7.1}{Preamble}{chapter.7}% 43
\BOOKMARK [1][-]{section.7.2}{Front matter}{chapter.7}% 44
\BOOKMARK [1][-]{section.7.3}{Main matter}{chapter.7}% 45
\BOOKMARK [0][-]{chapter.8}{Appendix}{}% 46
\BOOKMARK [0][-]{chapter.9}{Lorem ipsum}{}% 47
\BOOKMARK [1][-]{section.9.1}{Pellentesque Scelerisque}{chapter.9}% 48
\BOOKMARK [2][-]{subsection.9.1.1}{Fusce Convallis}{section.9.1}% 49
\BOOKMARK [1][-]{section.9.2}{Curabitur}{chapter.9}% 50
\BOOKMARK [0][-]{section*.48}{Appendices}{}% 51
\BOOKMARK [1][-]{appendix.A}{Appendix A Etiam a Convallis}{section*.48}% 52
\BOOKMARK [1][-]{appendix.B}{Appendix B Nulla Feugiat}{section*.48}% 53
\BOOKMARK [1][-]{appendix.C}{Appendix C Diagrammatic Rules}{section*.48}% 54
\BOOKMARK [1][-]{appendix.D}{Appendix D Angular Momentum Coupling}{section*.48}% 55
\BOOKMARK [1][-]{appendix.E}{Appendix E Coupled Two-Body State}{section*.48}% 56
\BOOKMARK [1][-]{appendix.F}{Appendix F Convergence Acceleration: Direct-Inversion of the Iterative Subspace}{section*.48}% 57
\BOOKMARK [1][-]{appendix.G}{Appendix G CCSD Diagrams}{section*.48}% 58
\BOOKMARK [1][-]{appendix.H}{Appendix H Computational Implementation}{section*.48}% 59
\BOOKMARK [1][-]{appendix.I}{Appendix I Angular Momentum Coupling}{section*.48}% 60
\BOOKMARK [0][-]{section*.59}{References}{}% 61
